[   14135ms] [WARNING] Image with src "http://localhost:3000/vercel.svg" has either width or height modified, but not the other. If you use CSS to change the size of your image, also include the styles 'width: "auto"' or 'height: "auto"' to maintain the aspect ratio. @ http://localhost:3000/_next/static/chunks/node_modules_next_dist_f3530cac._.js:2297
[   31059ms] [WARNING] Image with src "http://localhost:3000/vercel.svg" has either width or height modified, but not the other. If you use CSS to change the size of your image, also include the styles 'width: "auto"' or 'height: "auto"' to maintain the aspect ratio. @ http://localhost:3000/_next/static/chunks/node_modules_next_dist_f3530cac._.js:2297
[   33019ms] [WARNING] Image with src "http://localhost:3000/vercel.svg" has either width or height modified, but not the other. If you use CSS to change the size of your image, also include the styles 'width: "auto"' or 'height: "auto"' to maintain the aspect ratio. @ http://localhost:3000/_next/static/chunks/node_modules_next_dist_f3530cac._.js:2297
[  138173ms] [ERROR] ./src/app/dashboard/page.tsx:3:1
Module not found: Can't resolve './logout-button'
  1 | import { getAuthUser } from "@/lib/auth/session";
  2 | import { redirect } from "next/navigation";
> 3 | import { LogoutButton } from "./logout-button";
    | ^^^^^^^^^^^^^^^^^^^^^^^^^^^^^^^^^^^^^^^^^^^^^^^
  4 |
  5 | /**
  6 |  * 대시보드 페이지

https://nextjs.org/docs/messages/module-not-found @ http://localhost:3000/_next/static/chunks/node_modules_next_dist_f3530cac._.js:3127
[  139147ms] [ERROR] ./src/app/dashboard/page.tsx:3:1
Module not found: Can't resolve './logout-button'
  1 | import { getAuthUser } from "@/lib/auth/session";
  2 | import { redirect } from "next/navigation";
> 3 | import { LogoutButton } from "./logout-button";
    | ^^^^^^^^^^^^^^^^^^^^^^^^^^^^^^^^^^^^^^^^^^^^^^^
  4 |
  5 | /**
  6 |  * 대시보드 페이지

https://nextjs.org/docs/messages/module-not-found @ http://localhost:3000/_next/static/chunks/node_modules_next_dist_f3530cac._.js:3127
[  139370ms] [ERROR] ./src/app/dashboard/page.tsx:3:1
Module not found: Can't resolve './logout-button'
  1 | import { getAuthUser } from "@/lib/auth/session";
  2 | import { redirect } from "next/navigation";
> 3 | import { LogoutButton } from "./logout-button";
    | ^^^^^^^^^^^^^^^^^^^^^^^^^^^^^^^^^^^^^^^^^^^^^^^
  4 |
  5 | /**
  6 |  * 대시보드 페이지

https://nextjs.org/docs/messages/module-not-found @ http://localhost:3000/_next/static/chunks/node_modules_next_dist_f3530cac._.js:3127
[  139728ms] [ERROR] ./src/app/dashboard/page.tsx:3:1
Module not found: Can't resolve './logout-button'
  1 | import { getAuthUser } from "@/lib/auth/session";
  2 | import { redirect } from "next/navigation";
> 3 | import { LogoutButton } from "./logout-button";
    | ^^^^^^^^^^^^^^^^^^^^^^^^^^^^^^^^^^^^^^^^^^^^^^^
  4 |
  5 | /**
  6 |  * 대시보드 페이지

https://nextjs.org/docs/messages/module-not-found @ http://localhost:3000/_next/static/chunks/node_modules_next_dist_f3530cac._.js:3127
[  139910ms] [ERROR] ./src/app/dashboard/page.tsx:3:1
Module not found: Can't resolve './logout-button'
  1 | import { getAuthUser } from "@/lib/auth/session";
  2 | import { redirect } from "next/navigation";
> 3 | import { LogoutButton } from "./logout-button";
    | ^^^^^^^^^^^^^^^^^^^^^^^^^^^^^^^^^^^^^^^^^^^^^^^
  4 |
  5 | /**
  6 |  * 대시보드 페이지

https://nextjs.org/docs/messages/module-not-found @ http://localhost:3000/_next/static/chunks/node_modules_next_dist_f3530cac._.js:3127
[  140023ms] [ERROR] ./src/app/dashboard/page.tsx:3:1
Module not found: Can't resolve './logout-button'
  1 | import { getAuthUser } from "@/lib/auth/session";
  2 | import { redirect } from "next/navigation";
> 3 | import { LogoutButton } from "./logout-button";
    | ^^^^^^^^^^^^^^^^^^^^^^^^^^^^^^^^^^^^^^^^^^^^^^^
  4 |
  5 | /**
  6 |  * 대시보드 페이지

https://nextjs.org/docs/messages/module-not-found @ http://localhost:3000/_next/static/chunks/node_modules_next_dist_f3530cac._.js:3127
[  140179ms] [ERROR] ./src/app/dashboard/page.tsx:3:1
Module not found: Can't resolve './logout-button'
  1 | import { getAuthUser } from "@/lib/auth/session";
  2 | import { redirect } from "next/navigation";
> 3 | import { LogoutButton } from "./logout-button";
    | ^^^^^^^^^^^^^^^^^^^^^^^^^^^^^^^^^^^^^^^^^^^^^^^
  4 |
  5 | /**
  6 |  * 대시보드 페이지

https://nextjs.org/docs/messages/module-not-found @ http://localhost:3000/_next/static/chunks/node_modules_next_dist_f3530cac._.js:3127
[  140267ms] [ERROR] ./src/app/dashboard/page.tsx:3:1
Module not found: Can't resolve './logout-button'
  1 | import { getAuthUser } from "@/lib/auth/session";
  2 | import { redirect } from "next/navigation";
> 3 | import { LogoutButton } from "./logout-button";
    | ^^^^^^^^^^^^^^^^^^^^^^^^^^^^^^^^^^^^^^^^^^^^^^^
  4 |
  5 | /**
  6 |  * 대시보드 페이지

https://nextjs.org/docs/messages/module-not-found @ http://localhost:3000/_next/static/chunks/node_modules_next_dist_f3530cac._.js:3127
[  140312ms] [ERROR] ./src/app/dashboard/page.tsx:3:1
Module not found: Can't resolve './logout-button'
  1 | import { getAuthUser } from "@/lib/auth/session";
  2 | import { redirect } from "next/navigation";
> 3 | import { LogoutButton } from "./logout-button";
    | ^^^^^^^^^^^^^^^^^^^^^^^^^^^^^^^^^^^^^^^^^^^^^^^
  4 |
  5 | /**
  6 |  * 대시보드 페이지

https://nextjs.org/docs/messages/module-not-found @ http://localhost:3000/_next/static/chunks/node_modules_next_dist_f3530cac._.js:3127
[  140353ms] [ERROR] ./src/app/dashboard/page.tsx:3:1
Module not found: Can't resolve './logout-button'
  1 | import { getAuthUser } from "@/lib/auth/session";
  2 | import { redirect } from "next/navigation";
> 3 | import { LogoutButton } from "./logout-button";
    | ^^^^^^^^^^^^^^^^^^^^^^^^^^^^^^^^^^^^^^^^^^^^^^^
  4 |
  5 | /**
  6 |  * 대시보드 페이지

https://nextjs.org/docs/messages/module-not-found @ http://localhost:3000/_next/static/chunks/node_modules_next_dist_f3530cac._.js:3127
[  140622ms] [ERROR] ./src/app/dashboard/page.tsx:3:1
Module not found: Can't resolve './logout-button'
  1 | import { getAuthUser } from "@/lib/auth/session";
  2 | import { redirect } from "next/navigation";
> 3 | import { LogoutButton } from "./logout-button";
    | ^^^^^^^^^^^^^^^^^^^^^^^^^^^^^^^^^^^^^^^^^^^^^^^
  4 |
  5 | /**
  6 |  * 대시보드 페이지

https://nextjs.org/docs/messages/module-not-found @ http://localhost:3000/_next/static/chunks/node_modules_next_dist_f3530cac._.js:3127
[  140684ms] [ERROR] ./src/app/dashboard/page.tsx:3:1
Module not found: Can't resolve './logout-button'
  1 | import { getAuthUser } from "@/lib/auth/session";
  2 | import { redirect } from "next/navigation";
> 3 | import { LogoutButton } from "./logout-button";
    | ^^^^^^^^^^^^^^^^^^^^^^^^^^^^^^^^^^^^^^^^^^^^^^^
  4 |
  5 | /**
  6 |  * 대시보드 페이지

https://nextjs.org/docs/messages/module-not-found @ http://localhost:3000/_next/static/chunks/node_modules_next_dist_f3530cac._.js:3127
[  140730ms] [ERROR] ./src/app/dashboard/page.tsx:3:1
Module not found: Can't resolve './logout-button'
  1 | import { getAuthUser } from "@/lib/auth/session";
  2 | import { redirect } from "next/navigation";
> 3 | import { LogoutButton } from "./logout-button";
    | ^^^^^^^^^^^^^^^^^^^^^^^^^^^^^^^^^^^^^^^^^^^^^^^
  4 |
  5 | /**
  6 |  * 대시보드 페이지

https://nextjs.org/docs/messages/module-not-found @ http://localhost:3000/_next/static/chunks/node_modules_next_dist_f3530cac._.js:3127
